{'length': 'au', 'mass': 'msun', 'time': 'yr2pi'}
<rebound.Orbit instance, a=0.0025550262990462224 e=0.053976619091021104 inc=0.0880083715940308 Omega=-1.262833699498439 omega=-2.1395267962315008 f=-0.6153052835893433> <rebound.Orbit instance, a=0.9994354104649805 e=0.01630389881959504 inc=5.8529822629044034e-05 Omega=3.121971951935235 omega=1.7881645082432545 f=-4.819882917959316>
2000
29.8790762424469
0.0008785437717848318
0.0013694947030763556
0.0017829270662692177
0.0017054084981705559
0.002041322293264756
0.002558112747255834
0.0028681870196504804
0.0032299403374442346
0.0008785437717848318
0.0010077413852826011
0.001240297089578586
0.0015245318392736787
0.001886285157067433
0.0008527042490852779
0.001033580907982155
0.0013436551803768016
0.0016537294527714482
0.0020671618159643105
0.0022480384748611876
0.0024030756110585104
0.002558112747255834
0.0028681870196504804
0.0034108169963411117
0.0010077413852826011
0.00126613661227814
0.0015762108846727866
0.0019379642024665408
0.0022221989521616333
0.0026873103607536033
0.002971545110448696
0.003255779860143789
0.0008785437717848318
0.001085259953381263
0.0014211737484754632
0.0017829270662692177
0.0029198660650495882
0.0032299403374442346
0.0008527042490852779
0.001085259953381263
0.0014470132711750172
0.0018346061116683253
0.0021963594294620798
0.0024547546564576183
0.003255779860143789
0.0012144575668790322
0.0015503713619732327
0.001886285157067433
0.0028165079742513725
0.003074903201246912
0.003255779860143789
0.0008785437717848318
0.0011627785214799245
0.0015762108846727866
0.001886285157067433
0.002738989406152711
0.0011110994760808166
0.0014728527938745709
0.0014728527938745709
0.0029457055877491417
0.0032299403374442346
0.0009560623398834935
0.0012144575668790322
0.0016278899300718943
0.001912124679766987
0.0008785437717848318
0.001240297089578586
0.0016020504073723405
0.001963803725166095
0.002299717520260295
0.0025839522699553875
0.002842347496950927
0.0032299403374442346
0.0009560623398834935
0.0013178156576772477
0.0017829270662692177
0.002144680384062972
0.0024289151337580648
0.0026873103607536033
0.0029973846331482496
0.003359137950942004
0.0011627785214799245
0.0014728527938745709
0.0022221989521616333
0.002558112747255834
0.0028940265423500347
0.003307458905542896
0.001085259953381263
0.0014728527938745709
0.0017054084981705559
0.0020671618159643105
0.002377236088358957
0.0026614708380540493
0.003023224155847804
0.0033849774736415582
0.0011369389987803706
0.0014986923165741248
0.001679568975471002
0.0020154827705652027
0.002299717520260295
0.002609791792654942
0.0029973846331482496
0.003359137950942004
0.0011886180441794784
0.0016020504073723405
0.002093001338663864
0.002377236088358957
0.002609791792654942
0.0029973846331482496
0.003359137950942004
0.0011886180441794784
0.0015762108846727866
0.0018604456343678793
0.002144680384062972
0.0026614708380540493
0.003023224155847804
0.0034108169963411117
0.001240297089578586
0.0013436551803768016
0.0014470132711750172
0.0017570875435696637
0.0019896432478656483
0.0029198660650495882
0.001059420430681709
0.0014728527938745709
0.001886285157067433
0.0022480384748611876
0.002480594179157172
0.0026614708380540493
0.003023224155847804
0.003359137950942004
0.001059420430681709
0.0013178156576772477
0.0016020504073723405
0.001963803725166095
0.0029198660650495882
0.003255779860143789
0.001679568975471002
0.0020154827705652027
0.002971545110448696
0.0031782612920451267
0.001085259953381263
0.0013953342257759095
0.0017054084981705559
0.002041322293264756
0.003307458905542896
0.001085259953381263
0.0013694947030763556
0.0017054084981705559
0.002118840861363418
0.002790668451551819
0.0030490636785473575
0.0013953342257759095
0.0017312480208701098
0.0020671618159643105
0.002299717520260295
0.002558112747255834
0.0028681870196504804
0.0018087665889687714
0.002144680384062972
0.0024289151337580648
0.003023224155847804
0.0031782612920451267
0.0008785437717848318
0.0011110994760808166
0.0013953342257759095
0.0017570875435696637
0.0009560623398834935
0.0012144575668790322
0.0015503713619732327
0.0018604456343678793
0.002118840861363418
0.002351396565659403
0.0026356313153544954
0.0030490636785473575
0.003255779860143789
0.0016020504073723405
0.001963803725166095
0.0021705199067625254
0.0024547546564576183
0.0033332984282424503
0.001085259953381263
0.0013953342257759095
0.0018087665889687714
0.0020671618159643105
0.002325557042959849
0.00253227322455628
0.002971545110448696
0.0032816193828433425
0.0010077413852826011
0.0013178156576772477
0.0017312480208701098
0.002093001338663864
0.002299717520260295
0.00253227322455628
0.002790668451551819
0.003023224155847804
0.003359137950942004
0.001085259953381263
0.0014211737484754632
0.0016537294527714482
0.0020154827705652027
0.0024289151337580648
0.0030490636785473575
0.0033849774736415582
0.0011369389987803706
0.0014986923165741248
0.0017570875435696637
0.0031524217693455732
0.0009302228171839395
0.0013178156576772477
0.0018087665889687714
0.002144680384062972
0.0024547546564576183
0.002790668451551819
0.0031524217693455732
0.0009043832944843857
0.0012919761349776938
0.0018087665889687714
0.002144680384062972
0.0029198660650495882
0.003359137950942004
0.0011110994760808166
0.0015503713619732327
0.0017829270662692177
0.002118840861363418
0.0024289151337580648
0.002790668451551819
0.0031782612920451267
0.001085259953381263
0.0013178156576772477
0.0017829270662692177
0.0019896432478656483
0.002325557042959849
0.0025839522699553875
0.0029198660650495882
0.0033332984282424503
0.0011627785214799245
0.0015245318392736787
0.001679568975471002
0.002093001338663864
0.0024547546564576183
0.0027648289288522646
0.0031007427239464654
0.0009302228171839395
0.001679568975471002
0.0020671618159643105
0.002325557042959849
0.002609791792654942
0.002971545110448696
/Users/woodywu/anaconda3/lib/python3.7/site-packages/rebound/simulation.py:703: RuntimeWarning: At least 10 predictor corrector loops in IAS15 did not converge. This is typically an indication of the timestep being too large.
  warnings.warn(msg[1:], RuntimeWarning)
0.001085259953381263
0.0015245318392736787
0.001912124679766987
0.0021963594294620798
0.0024289151337580648
0.0026356313153544954
0.0029457055877491417
0.0032816193828433425
0.0010077413852826011
0.00126613661227814
0.0015503713619732327
0.0019379642024665408
0.0026356313153544954
0.0030490636785473575
0.0011369389987803706
0.0014211737484754632
0.0017570875435696637
0.002118840861363418
0.002377236088358957
0.002558112747255834
0.0028165079742513725
0.0010077413852826011
0.0013178156576772477
0.0016278899300718943
0.001963803725166095
0.0022221989521616333
0.002377236088358957
0.00253227322455628
0.0028165079742513725
0.003126582246646019
0.0033332984282424503
0.0018604456343678793
0.0021705199067625254
0.002325557042959849
0.002480594179157172
0.0026356313153544954
0.0009819018625830474
0.00126613661227814
0.0015762108846727866
0.001886285157067433
0.0031007427239464654
0.0033332984282424503
0.0009819018625830474
0.00126613661227814
0.0016278899300718943
0.0019896432478656483
0.0029973846331482496
0.0032299403374442346
0.0009043832944843857
0.0011369389987803706
0.0013694947030763556
0.0017054084981705559
0.002093001338663864
0.0026614708380540493
0.002842347496950927
0.003023224155847804
0.0032816193828433425
0.0009043832944843857
0.0011886180441794784
0.0016278899300718943
0.0019379642024665408
0.0021705199067625254
0.0024289151337580648
0.0009043832944843857
0.0011886180441794784
0.0015245318392736787
0.001886285157067433
0.0022221989521616333
0.002558112747255834
0.002738989406152711
0.002971545110448696
0.0032299403374442346
0.0009560623398834935
0.00126613661227814
0.0016278899300718943
0.0019379642024665408
0.0021705199067625254
0.0024030756110585104
0.0025839522699553875
0.0027648289288522646
0.0030490636785473575
0.0033849774736415582
0.0011110994760808166
0.0014470132711750172
0.0017829270662692177
0.002118840861363418
0.002325557042959849
0.0025839522699553875
0.0027648289288522646
0.0029973846331482496
0.0032816193828433425
0.001033580907982155
0.0013953342257759095
0.001679568975471002
0.002041322293264756
0.002325557042959849
0.0026356313153544954
0.0028940265423500347
0.003255779860143789
0.001033580907982155
0.0012919761349776938
0.0018346061116683253
0.002093001338663864
0.002377236088358957
0.002713149883453157
0.003023224155847804
0.0033332984282424503
0.0011110994760808166
0.0015245318392736787
0.0017312480208701098
0.0020671618159643105
0.0024030756110585104
0.0026873103607536033
0.002971545110448696
0.0012144575668790322
0.0016020504073723405
0.001912124679766987
0.0022480384748611876
0.00253227322455628
0.002790668451551819
0.0031524217693455732
0.0009043832944843857
0.001240297089578586
0.0017312480208701098
0.0020671618159643105
0.0022480384748611876
0.0026356313153544954
0.003023224155847804
0.0008785437717848318
0.0014728527938745709
0.0021963594294620798
0.002506433701856726
0.0028165079742513725
0.0032299403374442346
0.001059420430681709
0.0015503713619732327
0.0017312480208701098
0.002325557042959849
0.002609791792654942
0.0029457055877491417
0.003359137950942004
0.0012144575668790322
0.0013694947030763556
0.0016020504073723405
0.0018346061116683253
0.0021705199067625254
0.002377236088358957
0.0026873103607536033
0.0031007427239464654
0.0034108169963411117
0.0011369389987803706
0.0015762108846727866
0.0019896432478656483
0.002842347496950927
0.0031782612920451267
0.0008785437717848318
0.0011369389987803706
0.0013953342257759095
0.0017570875435696637
0.002144680384062972
0.002351396565659403
0.0025839522699553875
0.002971545110448696
0.003307458905542896
0.0018346061116683253
0.0021963594294620798
0.0024289151337580648
0.002609791792654942
0.0028681870196504804
0.0031007427239464654
0.0033332984282424503
0.001912124679766987
0.0026614708380540493
0.002971545110448696
0.0012144575668790322
0.0014986923165741248
0.0018346061116683253
0.0029198660650495882
0.0009302228171839395
0.0011627785214799245
0.0014986923165741248
0.0018346061116683253
0.002144680384062972
0.002377236088358957
0.0026356313153544954
0.0029457055877491417
0.0013694947030763556
0.0017054084981705559
0.002093001338663864
0.002377236088358957
0.0026873103607536033
0.0028681870196504804
0.0031007427239464654
0.003359137950942004
0.0014211737484754632
0.0017312480208701098
0.002041322293264756
0.0026356313153544954
0.002790668451551819
0.0029973846331482496
0.001085259953381263
0.0014211737484754632
0.0018087665889687714
0.0020671618159643105
0.0029457055877491417
0.0031524217693455732
0.0033849774736415582
0.001033580907982155
0.0013436551803768016
0.0017570875435696637
0.002842347496950927
0.0011369389987803706
0.0014986923165741248
0.0018346061116683253
0.002144680384062972
0.002351396565659403
0.0029973846331482496
0.0033332984282424503
0.001085259953381263
0.0013953342257759095
0.0015762108846727866
0.0020671618159643105
0.0028681870196504804
0.0012144575668790322
0.0015762108846727866
0.0019379642024665408
0.002273877997560741
0.002558112747255834
0.0028165079742513725
0.0012144575668790322
0.0015762108846727866
0.0019379642024665408
0.0022221989521616333
0.002480594179157172
0.002790668451551819
0.003126582246646019
0.0009043832944843857
0.00126613661227814
0.0017570875435696637
0.002093001338663864
0.00253227322455628
0.002842347496950927
0.003204100814744681
0.0009819018625830474
0.0013178156576772477
0.001886285157067433
0.0021705199067625254
0.0024289151337580648
0.0011886180441794784
0.0015762108846727866
0.0019379642024665408
0.002351396565659403
0.0027648289288522646
0.0031524217693455732
0.0009302228171839395
0.0014470132711750172
0.002118840861363418
0.002351396565659403
0.0026356313153544954
0.0029457055877491417
0.0034108169963411117
0.001240297089578586
0.0016278899300718943
0.001912124679766987
0.0021963594294620798
0.002480594179157172
0.002790668451551819
0.0031524217693455732
0.0009560623398834935
0.0016537294527714482
0.0018087665889687714
0.002144680384062972
0.002480594179157172
0.002790668451551819
0.0031782612920451267
/Users/woodywu/anaconda3/lib/python3.7/site-packages/rebound/simulation.py:703: RuntimeWarning: At least 10 predictor corrector loops in IAS15 did not converge. This is typically an indication of the timestep being too large.
  warnings.warn(msg[1:], RuntimeWarning)
0.0009043832944843857
0.0012919761349776938
0.0017054084981705559
0.002144680384062972
0.002351396565659403
0.002558112747255834
0.0028681870196504804
0.003204100814744681
0.0009302228171839395
0.0011627785214799245
0.0014728527938745709
0.0018346061116683253
0.0022221989521616333
0.0024289151337580648
0.0026873103607536033
0.003023224155847804
0.0009560623398834935
0.0011110994760808166
0.0013694947030763556
0.0016537294527714482
0.0019896432478656483
0.0032816193828433425
0.0012919761349776938
0.0016020504073723405
0.0019896432478656483
0.002713149883453157
0.0033849774736415582
0.0008527042490852779
0.001059420430681709
0.0013436551803768016
0.001679568975471002
0.002041322293264756
0.0025839522699553875
0.0028940265423500347
0.003204100814744681
0.003359137950942004
0.0013694947030763556
0.0017054084981705559
0.0020154827705652027
0.0022480384748611876
0.003126582246646019
0.003359137950942004
0.0016537294527714482
0.0020154827705652027
0.0024030756110585104
0.0026614708380540493
0.0009560623398834935
0.0011886180441794784
0.0015245318392736787
0.0018604456343678793
0.002144680384062972
0.002299717520260295
0.002558112747255834
0.002738989406152711
0.0028940265423500347
0.0031007427239464654
0.0011110994760808166
0.0014728527938745709
0.0026873103607536033
0.003074903201246912
0.0008527042490852779
0.0013953342257759095
0.002273877997560741
0.0025839522699553875
0.0028681870196504804
0.0032816193828433425
0.0011369389987803706
0.00126613661227814
0.0016278899300718943
0.0017312480208701098
0.002118840861363418
0.0024030756110585104
0.002713149883453157
0.003126582246646019
0.0012144575668790322
0.0016020504073723405
0.002041322293264756
0.002325557042959849
0.0028165079742513725
0.0031524217693455732
0.0009043832944843857
0.0011886180441794784
0.0014470132711750172
0.0018087665889687714
0.0021705199067625254
0.002377236088358957
0.002609791792654942
0.0029457055877491417
0.0032816193828433425
0.0009043832944843857
0.001033580907982155
0.0012919761349776938
0.0015762108846727866
0.0019379642024665408
0.002713149883453157
0.003023224155847804
0.0009819018625830474
0.00126613661227814
0.0015762108846727866
0.0019379642024665408
0.0021963594294620798
0.002351396565659403
0.002506433701856726
0.0027648289288522646
0.0009302228171839395
0.0011886180441794784
0.0014728527938745709
0.0018087665889687714
0.0024547546564576183
0.0026614708380540493
0.0029457055877491417
0.0011886180441794784
0.0014728527938745709
0.0018087665889687714
0.002118840861363418
0.002351396565659403
0.002609791792654942
0.002971545110448696
0.0012919761349776938
0.0016020504073723405
0.001963803725166095
0.002273877997560741
0.00253227322455628
0.0027648289288522646
0.0028940265423500347
0.003126582246646019
0.0033849774736415582
0.0021705199067625254
0.002351396565659403
0.002480594179157172
0.003126582246646019
0.003359137950942004
0.0009819018625830474
0.00126613661227814
0.0017054084981705559
0.0020154827705652027
0.0022480384748611876
0.00253227322455628
0.002713149883453157
0.0028940265423500347
0.0031007427239464654
0.0033332984282424503
0.0010077413852826011
0.0013178156576772477
0.0017312480208701098
0.003023224155847804
0.0032816193828433425
0.0010077413852826011
0.0013694947030763556
0.0017829270662692177
0.002790668451551819
0.003023224155847804
0.001240297089578586
0.0015503713619732327
0.001886285157067433
0.0021963594294620798
0.0024289151337580648
0.0026614708380540493
0.0029457055877491417
0.003204100814744681
0.0009560623398834935
0.0013178156576772477
0.0018087665889687714
0.0021963594294620798
0.002480594179157172
0.002713149883453157
0.003023224155847804
0.003359137950942004
0.0011110994760808166
0.0014728527938745709
0.0026614708380540493
0.002971545110448696
0.0033849774736415582
0.0011369389987803706
0.0014986923165741248
0.0017054084981705559
0.002118840861363418
0.0024289151337580648
0.0028165079742513725
0.0031782612920451267
0.0009560623398834935
0.0013436551803768016
0.0017570875435696637
0.002118840861363418
0.002480594179157172
0.002713149883453157
0.0031007427239464654
0.0008527042490852779
0.0012919761349776938
0.0018087665889687714
0.002144680384062972
0.0024030756110585104
0.002738989406152711
0.003074903201246912
0.0008527042490852779
0.0014986923165741248
0.0016278899300718943
0.0018604456343678793
0.0022480384748611876
0.002480594179157172
0.002790668451551819
0.003204100814744681
0.001033580907982155
0.0013178156576772477
0.0022221989521616333
0.0032299403374442346
0.001059420430681709
0.0015503713619732327
0.0018604456343678793
0.0021963594294620798
0.0024547546564576183
0.0028165079742513725
0.0032299403374442346
0.0010077413852826011
0.0014470132711750172
0.0018604456343678793
0.0022221989521616333
0.002506433701856726
0.002713149883453157
0.0029973846331482496
0.0033332984282424503
0.001033580907982155
0.0012919761349776938
0.0015762108846727866
0.001912124679766987
0.0009302228171839395
0.001085259953381263
0.0013953342257759095
0.0017054084981705559
0.0020671618159643105
0.002299717520260295
0.00253227322455628
0.0027648289288522646
0.0030490636785473575
0.003255779860143789
0.0012144575668790322
0.0014986923165741248
0.0018604456343678793
0.002144680384062972
0.002325557042959849
0.0024547546564576183
0.002609791792654942
0.0029198660650495882
0.0031782612920451267
0.0009043832944843857
0.0011627785214799245
0.0014211737484754632
0.0017312480208701098
0.002144680384062972
0.001240297089578586
0.0016278899300718943
0.001912124679766987
0.0021705199067625254
0.0024289151337580648
0.002738989406152711
0.003074903201246912
0.003307458905542896
0.0009560623398834935
0.0012144575668790322
0.0015503713619732327
0.001886285157067433
0.0029198660650495882
0.0014986923165741248
0.0018346061116683253
0.002118840861363418
0.002273877997560741
0.00253227322455628
0.0014986923165741248
0.0018346061116683253
0.002093001338663864
0.002325557042959849
0.002609791792654942
0.002790668451551819
0.0029973846331482496
0.0031782612920451267
0.0034108169963411117
0.001085259953381263
0.0014211737484754632
0.0018087665889687714
0.002118840861363418
0.0024289151337580648
0.0026356313153544954
0.002790668451551819
0.001240297089578586
0.0016020504073723405
0.001886285157067433
0.0022221989521616333
0.002377236088358957
0.0031782612920451267
0.0009302228171839395
0.00126613661227814
0.0016020504073723405
0.0019896432478656483
0.0022480384748611876
0.002558112747255834
0.002713149883453157
0.003074903201246912
0.0033332984282424503
0.0011110994760808166
0.0015245318392736787
0.0018604456343678793
0.002144680384062972
0.0027648289288522646
0.003074903201246912
0.0034108169963411117
0.0011627785214799245
0.0015245318392736787
0.0018604456343678793
0.002738989406152711
0.0030490636785473575
0.0034108169963411117
0.0011886180441794784
0.0015503713619732327
0.001912124679766987
0.002713149883453157
0.0030490636785473575
0.0034108169963411117
0.0011886180441794784
0.0015762108846727866
0.002273877997560741
0.002558112747255834
0.0028165079742513725
0.0031782612920451267
0.0009560623398834935
0.0013953342257759095
0.0016278899300718943
0.001963803725166095
0.002506433701856726
0.0028940265423500347
0.0032816193828433425
0.001059420430681709
0.00126613661227814
0.0017054084981705559
0.0019379642024665408
0.0024289151337580648
0.002738989406152711
0.0031782612920451267
0.0009819018625830474
0.0013694947030763556
0.0016537294527714482
0.0019379642024665408
0.002351396565659403
0.0026356313153544954
0.002971545110448696
0.0033849774736415582
0.0011886180441794784
0.0013178156576772477
0.002273877997560741
0.00253227322455628
0.002842347496950927
0.003307458905542896
0.0011110994760808166
0.0014986923165741248
0.0019379642024665408
0.002273877997560741
0.0024547546564576183
0.0026873103607536033
0.002971545110448696
0.003307458905542896
0.0017829270662692177
0.0021963594294620798
0.0024030756110585104
0.0026614708380540493
0.0029973846331482496
0.0033332984282424503
0.001059420430681709
0.00126613661227814
0.0015503713619732327
0.001912124679766987
0.0029457055877491417
0.0009560623398834935
0.001240297089578586
0.0015503713619732327
0.001886285157067433
0.002738989406152711
0.0030490636785473575
0.0009560623398834935
0.0011369389987803706
0.0013953342257759095
0.0017570875435696637
0.0020671618159643105
0.002273877997560741
0.0024030756110585104
0.0033849774736415582
0.001033580907982155
0.0013178156576772477
0.0016537294527714482
0.001963803725166095
0.002842347496950927
0.001059420430681709
0.0013953342257759095
0.0017570875435696637
0.0020671618159643105
0.002325557042959849
0.0025839522699553875
0.0032816193828433425
0.0009302228171839395
0.0011627785214799245
0.0014728527938745709
0.002325557042959849
0.002506433701856726
0.002713149883453157
0.0029198660650495882
0.0031524217693455732
0.0033332984282424503
0.0010077413852826011
0.0012919761349776938
0.0017312480208701098
0.002506433701856726
0.0032299403374442346
0.0008785437717848318
0.0011627785214799245
0.0014986923165741248
0.0018604456343678793
0.002299717520260295
0.002506433701856726
0.0026873103607536033
0.0009302228171839395
0.0011627785214799245
0.0015503713619732327
0.0026356313153544954
0.002842347496950927
0.003126582246646019
0.0008527042490852779
0.0011886180441794784
0.0014986923165741248
0.0031524217693455732
0.001886285157067433
0.003126582246646019
0.0008785437717848318
0.001240297089578586
0.0016278899300718943
0.0019896432478656483
0.0022480384748611876
0.00253227322455628
0.0028681870196504804
0.003255779860143789
0.0010077413852826011
0.0013694947030763556
0.0018604456343678793
0.0021963594294620798
0.002506433701856726
0.0027648289288522646
0.0031007427239464654
0.0008785437717848318
0.001240297089578586
0.0017829270662692177
0.002971545110448696
0.003307458905542896
0.001085259953381263
0.0014728527938745709
0.0016537294527714482
0.0019896432478656483
0.0022221989521616333
0.0026873103607536033
0.0031007427239464654
0.0009043832944843857
0.0013694947030763556
0.001886285157067433
0.0022221989521616333
0.002842347496950927
0.003255779860143789
0.001085259953381263
0.0014986923165741248
0.002299717520260295
0.002558112747255834
0.0028940265423500347
0.0033332984282424503
0.0011627785214799245
0.0012919761349776938
0.0024289151337580648
0.0027648289288522646
0.003204100814744681
0.0011627785214799245
0.0016278899300718943
0.0020154827705652027
0.002299717520260295
0.00253227322455628
0.0027648289288522646
0.003074903201246912
0.0013694947030763556
0.001679568975471002
0.0020671618159643105
0.0028940265423500347
0.0011886180441794784
0.0014986923165741248
0.0018604456343678793
0.0021705199067625254
0.002325557042959849
0.0025839522699553875
0.0028940265423500347
0.0031524217693455732
0.002842347496950927
0.0031524217693455732
0.0016020504073723405
0.001963803725166095
0.0022480384748611876
0.002377236088358957
0.00253227322455628
0.0028165079742513725
0.0031007427239464654
0.0018604456343678793
0.0022221989521616333
0.002506433701856726
0.002790668451551819
0.0031782612920451267
0.0034108169963411117
0.0010077413852826011
0.0013178156576772477
0.001679568975471002
0.002041322293264756
0.002299717520260295
0.002558112747255834
0.002790668451551819
0.0029457055877491417
0.003074903201246912
0.0033332984282424503
0.0010077413852826011
0.00126613661227814
0.0015762108846727866
0.001912124679766987
0.0021963594294620798
0.002377236088358957
0.0025839522699553875
0.0031782612920451267
0.0013436551803768016
0.0016537294527714482
0.0019896432478656483
0.0022221989521616333
0.0024547546564576183
0.0013953342257759095
0.0017829270662692177
0.002093001338663864
0.0024030756110585104
0.0029198660650495882
0.0031524217693455732
0.0009043832944843857
0.0011886180441794784
0.0015245318392736787
0.001963803725166095
0.0028681870196504804
0.0031007427239464654
0.0034108169963411117
0.0018604456343678793
0.0022221989521616333
0.002480594179157172
0.0032299403374442346
0.0009819018625830474
0.0013694947030763556
0.0017312480208701098
0.002118840861363418
0.002377236088358957
0.0010077413852826011
0.0013694947030763556
0.0016537294527714482
0.0020154827705652027
0.002325557042959849
0.002558112747255834
0.0028940265423500347
0.0032816193828433425
0.0018346061116683253
0.0022480384748611876
0.0025839522699553875
0.0029198660650495882
0.003255779860143789
0.001033580907982155
0.0014211737484754632
0.0016537294527714482
0.0019896432478656483
0.0028940265423500347
0.003255779860143789
0.0010077413852826011
0.0013436551803768016
0.001912124679766987
0.0021963594294620798
0.002480594179157172
0.002842347496950927
0.003204100814744681
0.0009819018625830474
0.0013953342257759095
0.002144680384062972
0.003126582246646019
0.0009560623398834935
0.0014211737484754632
0.0017054084981705559
0.002041322293264756
0.003204100814744681
0.001033580907982155
0.0014986923165741248
0.001912124679766987
0.0028681870196504804
0.0032816193828433425
0.0009302228171839395
0.0013178156576772477
0.0017312480208701098
0.002118840861363418
0.002377236088358957
0.0025839522699553875
0.0028940265423500347
0.0032299403374442346
0.0009560623398834935
0.0012144575668790322
0.0015245318392736787
0.0018604456343678793
0.0028681870196504804
0.003074903201246912
0.0032816193828433425
0.0009302228171839395
0.0012144575668790322
0.0015762108846727866
0.0019379642024665408
0.0022480384748611876
0.00253227322455628
0.002713149883453157
0.0029973846331482496
0.003255779860143789
0.0009819018625830474
0.0013178156576772477
0.0017054084981705559
0.002041322293264756
0.002273877997560741
0.002480594179157172
0.0026614708380540493
0.0028940265423500347
0.0031524217693455732
0.0009043832944843857
0.0011369389987803706
0.0015245318392736787
0.0018346061116683253
0.0021705199067625254
0.0024547546564576183
0.0028165079742513725
0.0034108169963411117
0.0011369389987803706
0.0014470132711750172
0.0017054084981705559
0.0020671618159643105
0.0024030756110585104
0.0026614708380540493
0.0029457055877491417
0.0032816193828433425
0.001059420430681709
0.0014211737484754632
0.001912124679766987
0.0021963594294620798
0.0024547546564576183
0.0027648289288522646
0.0031007427239464654
0.0008785437717848318
0.001240297089578586
0.001679568975471002
0.002041322293264756
0.002377236088358957
0.002609791792654942
0.0029457055877491417
0.0033332984282424503
0.0011369389987803706
0.0014986923165741248
0.0017312480208701098
0.002093001338663864
0.0024030756110585104
0.0026873103607536033
0.0030490636785473575
0.0034108169963411117
0.0011627785214799245
0.0014470132711750172
0.0018604456343678793
0.0021705199067625254
0.0024547546564576183
0.0028165079742513725
0.0032299403374442346
0.0010077413852826011
0.0012919761349776938
0.0017570875435696637
0.0020154827705652027
0.0030490636785473575
0.0008785437717848318
0.0014470132711750172
0.0017570875435696637
0.002118840861363418
0.0024289151337580648
0.002738989406152711
0.003126582246646019
0.0009819018625830474
0.0015762108846727866
0.002299717520260295
0.002558112747255834
0.0028940265423500347
0.003359137950942004
0.001240297089578586
0.0016537294527714482
0.0020671618159643105
0.003126582246646019
0.0008527042490852779
0.0011110994760808166
0.0014211737484754632
0.0017312480208701098
0.002118840861363418
0.0024547546564576183
0.002713149883453157
0.003074903201246912
0.003359137950942004
0.0013178156576772477
0.0016020504073723405
0.001963803725166095
0.0022480384748611876
0.0024547546564576183
0.0026614708380540493
0.0029198660650495882
0.003204100814744681
0.0009302228171839395
0.0011627785214799245
0.0014728527938745709
0.0017829270662692177
0.002118840861363418
0.0026873103607536033
0.0029973846331482496
0.003255779860143789
0.0012919761349776938
0.0016278899300718943
0.0019896432478656483
0.002558112747255834
0.002842347496950927
0.003126582246646019
0.0034108169963411117
0.001059420430681709
0.0013436551803768016
0.001679568975471002
0.0019896432478656483
0.0027648289288522646
0.0031524217693455732
0.0033849774736415582
0.0011369389987803706
0.0014728527938745709
0.0018604456343678793
0.0021705199067625254
0.0030490636785473575
0.003307458905542896
0.0009819018625830474
0.001240297089578586
0.0016020504073723405
0.0019379642024665408
0.0027648289288522646
0.0029457055877491417
0.003204100814744681
0.0033849774736415582
0.001033580907982155
0.0013178156576772477
0.001679568975471002
0.001963803725166095
0.0021963594294620798
0.002480594179157172
0.0026873103607536033
0.002842347496950927
0.001240297089578586
0.0016278899300718943
0.0019896432478656483
0.002273877997560741
0.0025839522699553875
0.0026614708380540493
0.0028940265423500347
0.0031782612920451267
0.0008527042490852779
0.0012919761349776938
0.0016537294527714482
0.001912124679766987
0.0021963594294620798
0.0024289151337580648
0.002609791792654942
0.0028165079742513725
0.003074903201246912
0.0008785437717848318
0.0011627785214799245
0.0014728527938745709
0.002738989406152711
0.0030490636785473575
0.003307458905542896
0.001059420430681709
0.0014986923165741248
0.0017570875435696637
0.0031524217693455732
0.0009043832944843857
0.0011886180441794784
0.0016020504073723405
0.001963803725166095
0.002273877997560741
0.002506433701856726
0.002842347496950927
0.003204100814744681
0.0009819018625830474
0.0013953342257759095
0.0016020504073723405
0.001963803725166095
0.002273877997560741
0.0032816193828433425
0.001059420430681709
0.0014470132711750172
0.001679568975471002
0.002041322293264756
0.0028681870196504804
0.0032299403374442346
0.0009819018625830474
0.0015245318392736787
0.0017054084981705559
0.002041322293264756
0.002325557042959849
0.0025839522699553875
0.002971545110448696
0.0033849774736415582
0.0011627785214799245
0.0015503713619732327
0.0017312480208701098
0.001963803725166095
0.002299717520260295
0.002558112747255834
0.0028940265423500347
0.003307458905542896
0.0011369389987803706
0.0022480384748611876
0.00253227322455628
0.002842347496950927
0.003255779860143789
0.001085259953381263
0.0014211737484754632
0.001963803725166095
0.0030490636785473575
0.0033849774736415582
0.0008527042490852779
0.00126613661227814
0.001679568975471002
0.002093001338663864
0.002790668451551819
0.0031007427239464654
0.0034108169963411117
0.002093001338663864
0.002325557042959849
0.00253227322455628
0.0028165079742513725
0.0031782612920451267
0.0034108169963411117
0.0013436551803768016
0.0016278899300718943
0.002041322293264756
0.0034108169963411117
0.0009043832944843857
0.0011369389987803706
0.0014470132711750172
0.0017312480208701098
0.003074903201246912
0.0008785437717848318
0.001033580907982155
0.0013178156576772477
0.0016537294527714482
0.0020154827705652027
0.0031524217693455732
0.003307458905542896
0.0009560623398834935
0.0012144575668790322
0.0015503713619732327
0.0024547546564576183
0.0026873103607536033
0.003023224155847804
0.0032816193828433425
0.0009302228171839395
0.0011627785214799245
0.0014986923165741248
0.001912124679766987
0.0022221989521616333
0.002480594179157172
0.002713149883453157
0.002842347496950927
0.001059420430681709
0.0013178156576772477
0.0016537294527714482
0.0019896432478656483
0.0030490636785473575
0.003307458905542896
0.0009302228171839395
0.001240297089578586
0.0016020504073723405
0.001912124679766987
0.002144680384062972
0.0024030756110585104
0.0029198660650495882
0.003126582246646019
0.003359137950942004
0.001059420430681709
0.0013694947030763556
0.0017054084981705559
0.002041322293264756
0.002325557042959849
0.0028165079742513725
0.003074903201246912
0.003359137950942004
0.001059420430681709
0.0014211737484754632
0.0017312480208701098
0.0019896432478656483
0.002299717520260295
0.002506433701856726
0.0026873103607536033
0.003359137950942004
0.0018087665889687714
0.002144680384062972
0.002351396565659403
0.002609791792654942
0.002842347496950927
0.0031007427239464654
0.0033849774736415582
0.0011627785214799245
0.0013436551803768016
0.0018346061116683253
0.0021705199067625254
0.0024547546564576183
0.0026873103607536033
0.002971545110448696
0.003307458905542896
0.0015503713619732327
0.001886285157067433
0.0021705199067625254
0.003074903201246912
0.0008527042490852779
0.0012144575668790322
0.0016278899300718943
0.0019896432478656483
0.002351396565659403
0.003126582246646019
0.0009302228171839395
0.0013694947030763556
0.0016278899300718943
0.001963803725166095
0.002325557042959849
0.0025839522699553875
0.002842347496950927
0.003204100814744681
0.001033580907982155
0.0013694947030763556
0.00253227322455628
0.0029198660650495882
0.003307458905542896
0.0011110994760808166
0.0013436551803768016
0.0018346061116683253
0.0020671618159643105
0.002713149883453157
0.0031007427239464654
0.0009043832944843857
0.0013436551803768016
0.0017829270662692177
0.0020671618159643105
0.0029973846331482496
0.0008527042490852779
0.002041322293264756
0.002351396565659403
0.0026614708380540493
0.003074903201246912
0.0011886180441794784
0.0015503713619732327
0.001963803725166095
0.002738989406152711
0.0030490636785473575
0.0033849774736415582
0.0016278899300718943
0.0019896432478656483
0.002273877997560741
0.002842347496950927
0.003204100814744681
0.0008527042490852779
0.0009819018625830474
0.0012144575668790322
0.0014728527938745709
0.0018087665889687714
0.0022221989521616333
0.0024030756110585104
0.0026356313153544954
0.002842347496950927
0.003126582246646019
0.003307458905542896
0.0011110994760808166
0.0014211737484754632
0.0017570875435696637
0.002093001338663864
0.002273877997560741
0.003023224155847804
0.0032816193828433425
0.002093001338663864
0.002299717520260295
0.0024289151337580648
0.002609791792654942
0.0028681870196504804
0.0031782612920451267
0.0033332984282424503
0.002041322293264756
0.002273877997560741
0.00253227322455628
0.0028165079742513725
0.001033580907982155
0.0013436551803768016
0.0017312480208701098
0.002118840861363418
0.002351396565659403
0.002609791792654942
0.0028165079742513725
0.002971545110448696
0.003204100814744681
0.0017829270662692177
0.0024289151337580648
0.002971545110448696
0.0032299403374442346
0.0008527042490852779
0.0011369389987803706
0.0015245318392736787
0.003307458905542896
0.0009560623398834935
0.00126613661227814
0.0016537294527714482
0.0020154827705652027
0.002377236088358957
0.002609791792654942
0.0027648289288522646
0.0029457055877491417
0.003204100814744681
0.0008785437717848318
0.0012144575668790322
0.0015762108846727866
0.0018604456343678793
0.0022480384748611876
0.0024547546564576183
0.003307458905542896
0.001033580907982155
0.0012919761349776938
0.0016537294527714482
0.0020154827705652027
0.0024030756110585104
0.0026356313153544954
0.0028940265423500347
0.003126582246646019
0.0008527042490852779
0.0011886180441794784
0.0015503713619732327
0.001912124679766987
0.0022480384748611876
0.00253227322455628
0.002790668451551819
0.0031007427239464654
0.0008527042490852779
0.00126613661227814
0.0017054084981705559
0.0020671618159643105
0.002299717520260295
0.0025839522699553875
0.0029198660650495882
0.0032299403374442346
0.001033580907982155
0.0013436551803768016
0.001886285157067433
0.0028681870196504804
0.0032299403374442346
0.0010077413852826011
0.0013953342257759095
0.0022221989521616333
0.002506433701856726
0.002738989406152711
0.003074903201246912
0.0008785437717848318
0.0013178156576772477
0.0018346061116683253
0.002713149883453157
0.003126582246646019
0.0009560623398834935
0.0014211737484754632
0.0021705199067625254
0.0024547546564576183
0.0027648289288522646
0.0031524217693455732
0.0010077413852826011
0.00126613661227814
0.001886285157067433
0.0021705199067625254
0.0029198660650495882
0.003307458905542896
0.0011110994760808166
0.0013953342257759095
0.0015245318392736787
0.0019379642024665408
0.003023224155847804
0.003255779860143789
0.0009560623398834935
0.0013953342257759095
0.0018087665889687714
0.001085259953381263
0.0013436551803768016
0.0016537294527714482
0.0020154827705652027
0.002299717520260295
0.002506433701856726
0.0027648289288522646
0.003126582246646019
0.0026873103607536033
0.0029973846331482496
0.0032299403374442346
0.0011886180441794784
0.0015245318392736787
0.0018346061116683253
0.0021705199067625254
0.002480594179157172
0.0026356313153544954
0.0029457055877491417
0.0032299403374442346
0.0011110994760808166
0.0014470132711750172
0.0017829270662692177
0.0027648289288522646
0.003074903201246912
0.0032816193828433425
0.0009043832944843857
0.0011369389987803706
0.0015245318392736787
0.0024030756110585104
0.0026614708380540493
0.0029973846331482496
0.001240297089578586
0.0015762108846727866
0.0019379642024665408
0.0022480384748611876
0.002506433701856726
0.002738989406152711
0.0008527042490852779
0.001085259953381263
0.0013436551803768016
0.001679568975471002
0.0020154827705652027
0.0024547546564576183
0.0026873103607536033
0.0034108169963411117
0.001059420430681709
0.0013694947030763556
0.0017570875435696637
0.002377236088358957
0.0026614708380540493
0.0028165079742513725
0.003023224155847804
0.003204100814744681
0.0008527042490852779
0.0011369389987803706
0.0015503713619732327
0.001912124679766987
0.0021963594294620798
0.002480594179157172
0.003126582246646019
0.0034108169963411117
0.002118840861363418
0.002558112747255834
0.002738989406152711
0.0014211737484754632
0.001679568975471002
0.0019379642024665408
0.0009043832944843857
0.00126613661227814
0.0016278899300718943
0.0019896432478656483
0.0028681870196504804
0.003204100814744681
0.0009819018625830474
0.0013436551803768016
0.0018087665889687714
0.0028165079742513725
0.0031782612920451267
0.0009560623398834935
0.0012919761349776938
0.0017829270662692177
0.0021705199067625254
0.002480594179157172
0.002738989406152711
0.003074903201246912
0.0008527042490852779
0.00126613661227814
0.0018604456343678793
0.0020154827705652027
0.002351396565659403
0.0026356313153544954
0.0029973846331482496
0.0033332984282424503
0.001059420430681709
0.0014211737484754632
0.002273877997560741
0.002558112747255834
0.0029457055877491417
0.0033332984282424503
0.0011369389987803706
0.0015245318392736787
0.0016537294527714482
0.0024030756110585104
0.0026614708380540493
0.002971545110448696
0.0033849774736415582
0.0012144575668790322
0.0016020504073723405
0.0018346061116683253
0.0019896432478656483
0.0024030756110585104
0.002713149883453157
0.003074903201246912
0.0009043832944843857
0.0017054084981705559
0.001886285157067433
0.0022221989521616333
0.002506433701856726
0.002738989406152711
0.0031524217693455732
0.001033580907982155
0.0014211737484754632
0.0018346061116683253
0.0021705199067625254
0.0024030756110585104
0.002609791792654942
0.0029198660650495882
0.003255779860143789
0.0009819018625830474
0.001240297089578586
0.0014986923165741248
0.001886285157067433
0.0022480384748611876
0.002480594179157172
0.002738989406152711
0.0031007427239464654
0.0011627785214799245
0.0014470132711750172
0.0017829270662692177
0.002144680384062972
0.002351396565659403
0.002480594179157172
0.002738989406152711
0.003074903201246912
0.003359137950942004
0.0018087665889687714
0.002790668451551819
0.0031007427239464654
0.0009819018625830474
0.001240297089578586
0.0015245318392736787
0.001886285157067433
0.002738989406152711
0.0029973846331482496
0.0010077413852826011
0.0012919761349776938
0.0016020504073723405
0.0019379642024665408
0.0021963594294620798
0.002480594179157172
0.002713149883453157
0.0030490636785473575
0.003255779860143789
0.0009043832944843857
0.0011886180441794784
0.0015245318392736787
0.0026356313153544954
0.0031524217693455732
0.0034108169963411117
0.001033580907982155
0.0012919761349776938
0.0016278899300718943
0.001963803725166095
0.0022221989521616333
0.0024030756110585104
0.002609791792654942
0.0014470132711750172
0.002299717520260295
0.0025839522699553875
0.0027648289288522646
0.002971545110448696
0.0014470132711750172
0.0018346061116683253
0.002144680384062972
0.0030490636785473575
0.003307458905542896
0.001033580907982155
0.0013436551803768016
0.001679568975471002
0.0020154827705652027
0.002713149883453157
0.0029198660650495882
0.003204100814744681
0.001059420430681709
0.0013694947030763556
0.0017570875435696637
0.001963803725166095
0.002377236088358957
0.0029198660650495882
0.0031782612920451267
0.0009302228171839395
0.0012919761349776938
0.0017829270662692177
0.002093001338663864
0.002351396565659403
0.002609791792654942
0.0029198660650495882
0.0031782612920451267
0.0009302228171839395
0.0013953342257759095
0.0017312480208701098
0.002118840861363418
0.0024030756110585104
0.002609791792654942
0.001059420430681709
0.0014211737484754632
0.0015762108846727866
0.0019379642024665408
0.002299717520260295
0.0026356313153544954
0.003023224155847804
0.003359137950942004
0.0011110994760808166
0.0015503713619732327
0.0019379642024665408
0.002299717520260295
0.002609791792654942
0.0029457055877491417
0.0032816193828433425
0.0012144575668790322
0.0016020504073723405
0.001886285157067433
0.0028681870196504804
0.003255779860143789
0.001033580907982155
0.001240297089578586
0.001679568975471002
0.001912124679766987
0.003023224155847804
0.0009302228171839395
0.0012919761349776938
0.0020154827705652027
0.002506433701856726
0.0028165079742513725
0.0031782612920451267
0.0010077413852826011
0.0014728527938745709
0.0020154827705652027
0.0026356313153544954
0.0029973846331482496
0.0033332984282424503
0.0009819018625830474
0.0013436551803768016
0.0017570875435696637
0.002790668451551819
0.0031524217693455732
0.0033849774736415582
0.0017312480208701098
0.002093001338663864
0.002273877997560741
0.002506433701856726
0.002790668451551819
0.0033849774736415582
0.0008785437717848318
0.001059420430681709
0.0013694947030763556
0.001679568975471002
0.0020154827705652027
0.002299717520260295
0.0024289151337580648
0.0025839522699553875
0.0028940265423500347
0.003204100814744681
0.003359137950942004
0.0015503713619732327
0.001912124679766987
0.0021963594294620798
0.002351396565659403
0.002506433701856726
0.002713149883453157
0.003023224155847804
0.0032299403374442346
0.0008527042490852779
0.0011110994760808166
0.0014470132711750172
0.0017570875435696637
0.002093001338663864
0.002325557042959849
0.0025839522699553875
0.0028940265423500347
0.003204100814744681
0.0008785437717848318
0.0011110994760808166
0.0014211737484754632
0.0017829270662692177
0.0014470132711750172
0.0018087665889687714
0.0020671618159643105
0.0022480384748611876
0.0028681870196504804
0.0013953342257759095
0.0017829270662692177
0.002041322293264756
0.002273877997560741
0.002558112747255834
0.0009819018625830474
0.0012919761349776938
0.001679568975471002
0.0020671618159643105
0.002351396565659403
0.0028681870196504804
0.0031007427239464654
0.0033849774736415582
0.0011110994760808166
0.0014470132711750172
0.0017570875435696637
0.002093001338663864
0.003255779860143789
0.0009819018625830474
0.0013436551803768016
0.0017054084981705559
0.002041322293264756
0.002273877997560741
0.002506433701856726
0.0026873103607536033
0.002971545110448696
0.003255779860143789
0.0010077413852826011
0.0014728527938745709
0.0022221989521616333
0.002506433701856726
0.002738989406152711
0.0029973846331482496
0.0033332984282424503
0.001085259953381263
0.0014470132711750172
0.001679568975471002
0.002041322293264756
0.002351396565659403
0.0026356313153544954
0.0029457055877491417
0.003307458905542896
0.001085259953381263
0.0014470132711750172
0.0016537294527714482
0.0020154827705652027
0.002325557042959849
0.0026614708380540493
0.0029973846331482496
0.0033849774736415582
0.0011627785214799245
0.0015245318392736787
0.0018346061116683253
0.0021963594294620798
0.0024547546564576183
0.0027648289288522646
0.003126582246646019
0.0009302228171839395
0.00126613661227814
0.0017570875435696637
0.002093001338663864
0.002377236088358957
0.0026614708380540493
0.0030490636785473575
0.0034108169963411117
0.0012144575668790322
0.0015762108846727866
0.0018087665889687714
0.002041322293264756
0.002273877997560741
0.00253227322455628
0.0028681870196504804
0.0032816193828433425
0.0011110994760808166
0.0014728527938745709
0.0018087665889687714
0.001963803725166095
0.002377236088358957
0.0026873103607536033
0.0030490636785473575
0.0008785437717848318
0.0017829270662692177
0.002093001338663864
0.0022480384748611876
0.0025839522699553875
0.0029457055877491417
/Users/woodywu/anaconda3/lib/python3.7/site-packages/rebound/simulation.py:703: RuntimeWarning: At least 10 predictor corrector loops in IAS15 did not converge. This is typically an indication of the timestep being too large.
  warnings.warn(msg[1:], RuntimeWarning)
